<?xml version="1.0" encoding="UTF-8"?>
<!-- Generated by org.testng.reporters.JUnitXMLReporter -->
<testsuite ignored="0" hostname="LAPTOP-VRNPC7JT" failures="1" tests="1" name="VerifyLinkTest" time="46.846" errors="0" timestamp="2025-09-21T23:37:56 IST">
  <testcase classname="com.additionalTasks.VerifyBrokenLink" name="verifyBrokenLinks" time="38.681">
    <failure type="java.lang.AssertionError" message="Broken link detected: https://twitter.com/boni_gg expected [true] but found [false]">
      <![CDATA[java.lang.AssertionError: Broken link detected: https://twitter.com/boni_gg expected [true] but found [false]
at com.additionalTasks.VerifyBrokenLink.verifyBrokenLinks(VerifyBrokenLink.java:65)
at java.base/java.util.ArrayList.forEach(ArrayList.java:1511)
... Removed 30 stack frames]]>
    </failure>
  </testcase> <!-- verifyBrokenLinks -->
</testsuite> <!-- VerifyLinkTest -->
