<?xml version="1.0" encoding="UTF-8"?>
<!-- Generated by org.testng.reporters.JUnitXMLReporter -->
<testsuite ignored="1" hostname="LAPTOP-VRNPC7JT" failures="0" tests="1" name="LoginTest" time="16.187" errors="0" timestamp="2025-09-19T01:38:16 IST">
  <testcase classname="com.testExecution.TestExecution" name="searchProduct" time="11.308"/>
  <testcase classname="com.testExecution.TestExecution" name="loginApp" time="0.0">
    <ignored/>
  </testcase> <!-- loginApp -->
</testsuite> <!-- LoginTest -->
